<?xml version="1.0" encoding="UTF-8"?>
<testsuite xmlns:xsi="http://www.w3.org/2001/XMLSchema-instance" xsi:noNamespaceSchemaLocation="https://maven.apache.org/surefire/maven-surefire-plugin/xsd/surefire-test-report-3.0.xsd" version="3.0" name="dev.vintrigue.gymmate.controller.UserControllerTest" time="32.551" tests="9" errors="0" skipped="0" failures="3">
  <properties>
[...]
</properties>
  <testcase name="testRegisterUser_MissingGender" classname="dev.vintrigue.gymmate.controller.UserControllerTest" time="1.379">
    <system-out><![CDATA[14:18:34.252 [main] INFO org.springframework.test.context.support.AnnotationConfigContextLoaderUtils -- Could not detect default configuration classes for test class [dev.vintrigue.gymmate.controller.UserControllerTest]: UserControllerTest does not declare any static, non-private, non-final, nested classes annotated with @Configuration.
14:18:36.498 [main] INFO org.springframework.boot.test.context.SpringBootTestContextBootstrapper -- Found @SpringBootConfiguration dev.vintrigue.gymmate.GymmateApplication for test class dev.vintrigue.gymmate.controller.UserControllerTest
14:18:37.702 [main] INFO org.springframework.boot.devtools.restart.RestartApplicationListener -- Restart disabled due to context in which it is running

  .   ____          _            __ _ _
 /\\ / ___'_ __ _ _(_)_ __  __ _ \ \ \ \
( ( )\___ | '_ | '_| | '_ \/ _` | \ \ \ \
 \\/  ___)| |_)| | | | | || (_| |  ) ) ) )
  '  |____| .__|_| |_|_| |_\__, | / / / /
 =========|_|==============|___/=/_/_/_/
 :: Spring Boot ::                (v3.2.3)

2025-06-15T14:18:41.295Z  INFO 688 --- [backend] [           main] d.v.g.controller.UserControllerTest      : Starting UserControllerTest using Java 21.0.7 with PID 688 (started by minhd in /mnt/d/AI SPACE/VSCode/comp1020-gymmate/backend)
2025-06-15T14:18:41.305Z  INFO 688 --- [backend] [           main] d.v.g.controller.UserControllerTest      : No active profile set, falling back to 1 default profile: "default"
2025-06-15T14:18:55.535Z  WARN 688 --- [backend] [           main] .s.s.UserDetailsServiceAutoConfiguration : 

Using generated security password: a97247e7-5e72-4c16-8186-c5a9efcc70ef

This generated password is for development use only. Your security configuration must be updated before running your application in production.

2025-06-15T14:18:58.912Z  INFO 688 --- [backend] [           main] o.s.s.web.DefaultSecurityFilterChain     : Will secure any request with [org.springframework.security.web.session.DisableEncodeUrlFilter@72eed547, org.springframework.security.web.context.request.async.WebAsyncManagerIntegrationFilter@69ffdaa8, org.springframework.security.web.context.SecurityContextHolderFilter@62cf6a84, org.springframework.security.web.header.HeaderWriterFilter@4d81e83a, org.springframework.web.filter.CorsFilter@2a1e57c6, org.springframework.security.web.authentication.logout.LogoutFilter@684ce74c, org.springframework.security.web.savedrequest.RequestCacheAwareFilter@6b2aafbc, org.springframework.security.web.servletapi.SecurityContextHolderAwareRequestFilter@50cbcca7, org.springframework.security.web.authentication.AnonymousAuthenticationFilter@68d6f48e, org.springframework.security.web.access.ExceptionTranslationFilter@1be52861, org.springframework.security.web.access.intercept.AuthorizationFilter@1934339]
2025-06-15T14:19:01.514Z  WARN 688 --- [backend] [           main] ion$DefaultTemplateResolverConfiguration : Cannot find template location: classpath:/templates/ (please add some templates, check your Thymeleaf configuration, or set spring.thymeleaf.check-template-location=false)
2025-06-15T14:19:02.190Z  INFO 688 --- [backend] [           main] o.s.b.t.m.w.SpringBootMockServletContext : Initializing Spring TestDispatcherServlet ''
2025-06-15T14:19:02.191Z  INFO 688 --- [backend] [           main] o.s.t.web.servlet.TestDispatcherServlet  : Initializing Servlet ''
2025-06-15T14:19:02.196Z  INFO 688 --- [backend] [           main] o.s.t.web.servlet.TestDispatcherServlet  : Completed initialization in 5 ms
2025-06-15T14:19:03.084Z  INFO 688 --- [backend] [           main] d.v.g.controller.UserControllerTest      : Started UserControllerTest in 25.578 seconds (process running for 32.921)
register
]]></system-out>
    <system-err><![CDATA[WARNING: A Java agent has been loaded dynamically (/home/minhd/.m2/repository/net/bytebuddy/byte-buddy-agent/1.14.12/byte-buddy-agent-1.14.12.jar)
WARNING: If a serviceability tool is in use, please run with -XX:+EnableDynamicAgentLoading to hide this warning
WARNING: If a serviceability tool is not in use, please run with -Djdk.instrument.traceUsage for more information
WARNING: Dynamic loading of agents will be disallowed by default in a future release
]]></system-err>
  </testcase>
  <testcase name="testRegisterUser_InvalidGender" classname="dev.vintrigue.gymmate.controller.UserControllerTest" time="0.031">
    <system-out><![CDATA[register
]]></system-out>
  </testcase>
  <testcase name="testRegisterUser_Success" classname="dev.vintrigue.gymmate.controller.UserControllerTest" time="0.344">
    <system-out><![CDATA[register
]]></system-out>
  </testcase>
  <testcase name="testCompleteProfile_Success" classname="dev.vintrigue.gymmate.controller.UserControllerTest" time="0.113"/>
  <testcase name="testLoginUser_Success" classname="dev.vintrigue.gymmate.controller.UserControllerTest" time="0.071">
    <failure message="Status expected:&lt;200&gt; but was:&lt;400&gt;" type="java.lang.AssertionError"><![CDATA[java.lang.AssertionError: Status expected:<200> but was:<400>
	at org.springframework.test.util.AssertionErrors.fail(AssertionErrors.java:59)
	at org.springframework.test.util.AssertionErrors.assertEquals(AssertionErrors.java:122)
	at org.springframework.test.web.servlet.result.StatusResultMatchers.lambda$matcher$9(StatusResultMatchers.java:637)
	at org.springframework.test.web.servlet.MockMvc$1.andExpect(MockMvc.java:214)
	at dev.vintrigue.gymmate.controller.UserControllerTest.testLoginUser_Success(UserControllerTest.java:129)
	at java.base/java.lang.reflect.Method.invoke(Method.java:580)
	at java.base/java.util.ArrayList.forEach(ArrayList.java:1596)
	at java.base/java.util.ArrayList.forEach(ArrayList.java:1596)
]]></failure>
    <system-out><![CDATA[2025-06-15T14:19:05.053Z  WARN 688 --- [backend] [           main] .w.s.m.s.DefaultHandlerExceptionResolver : Resolved [org.springframework.http.converter.HttpMessageNotReadableException: Required request body is missing: public org.springframework.http.ResponseEntity<?> dev.vintrigue.gymmate.controller.UserController.login(dev.vintrigue.gymmate.model.User)]

MockHttpServletRequest:
      HTTP Method = POST
      Request URI = /api/users/login
       Parameters = {username=[testuser], password=[password123]}
          Headers = []
             Body = null
    Session Attrs = {}

Handler:
             Type = dev.vintrigue.gymmate.controller.UserController
           Method = dev.vintrigue.gymmate.controller.UserController#login(User)

Async:
    Async started = false
     Async result = null

Resolved Exception:
             Type = org.springframework.http.converter.HttpMessageNotReadableException

ModelAndView:
        View name = null
             View = null
            Model = null

FlashMap:
       Attributes = null

MockHttpServletResponse:
           Status = 400
    Error message = null
          Headers = [Vary:"Origin", "Access-Control-Request-Method", "Access-Control-Request-Headers", X-Content-Type-Options:"nosniff", X-XSS-Protection:"0", Cache-Control:"no-cache, no-store, max-age=0, must-revalidate", Pragma:"no-cache", Expires:"0", X-Frame-Options:"DENY"]
     Content type = null
             Body = 
    Forwarded URL = null
   Redirected URL = null
          Cookies = []
]]></system-out>
  </testcase>
  <testcase name="testRegisterUser_MissingActivityLevel" classname="dev.vintrigue.gymmate.controller.UserControllerTest" time="0.024">
    <system-out><![CDATA[register
]]></system-out>
  </testcase>
  <testcase name="testLoginUser_Failure" classname="dev.vintrigue.gymmate.controller.UserControllerTest" time="0.02">
    <failure message="Response content expected:&lt;Invalid credentials&gt; but was:&lt;&gt;" type="java.lang.AssertionError"><![CDATA[java.lang.AssertionError: Response content expected:<Invalid credentials> but was:<>
	at org.springframework.test.util.AssertionErrors.fail(AssertionErrors.java:59)
	at org.springframework.test.util.AssertionErrors.assertEquals(AssertionErrors.java:122)
	at org.springframework.test.web.servlet.result.ContentResultMatchers.lambda$string$4(ContentResultMatchers.java:148)
	at org.springframework.test.web.servlet.MockMvc$1.andExpect(MockMvc.java:214)
	at dev.vintrigue.gymmate.controller.UserControllerTest.testLoginUser_Failure(UserControllerTest.java:162)
	at java.base/java.lang.reflect.Method.invoke(Method.java:580)
	at java.base/java.util.ArrayList.forEach(ArrayList.java:1596)
	at java.base/java.util.ArrayList.forEach(ArrayList.java:1596)
]]></failure>
    <system-out><![CDATA[2025-06-15T14:19:05.139Z  WARN 688 --- [backend] [           main] .w.s.m.s.DefaultHandlerExceptionResolver : Resolved [org.springframework.http.converter.HttpMessageNotReadableException: Required request body is missing: public org.springframework.http.ResponseEntity<?> dev.vintrigue.gymmate.controller.UserController.login(dev.vintrigue.gymmate.model.User)]

MockHttpServletRequest:
      HTTP Method = POST
      Request URI = /api/users/login
       Parameters = {username=[testuser], password=[wrongpassword]}
          Headers = []
             Body = null
    Session Attrs = {}

Handler:
             Type = dev.vintrigue.gymmate.controller.UserController
           Method = dev.vintrigue.gymmate.controller.UserController#login(User)

Async:
    Async started = false
     Async result = null

Resolved Exception:
             Type = org.springframework.http.converter.HttpMessageNotReadableException

ModelAndView:
        View name = null
             View = null
            Model = null

FlashMap:
       Attributes = null

MockHttpServletResponse:
           Status = 400
    Error message = null
          Headers = [Vary:"Origin", "Access-Control-Request-Method", "Access-Control-Request-Headers", X-Content-Type-Options:"nosniff", X-XSS-Protection:"0", Cache-Control:"no-cache, no-store, max-age=0, must-revalidate", Pragma:"no-cache", Expires:"0", X-Frame-Options:"DENY"]
     Content type = null
             Body = 
    Forwarded URL = null
   Redirected URL = null
          Cookies = []
]]></system-out>
  </testcase>
  <testcase name="testRegisterUser_InvalidActivityLevel" classname="dev.vintrigue.gymmate.controller.UserControllerTest" time="0.026">
    <system-out><![CDATA[register
]]></system-out>
  </testcase>
  <testcase name="testLoginUser_ProfileSetupRequired" classname="dev.vintrigue.gymmate.controller.UserControllerTest" time="0.017">
    <failure message="Status expected:&lt;200&gt; but was:&lt;400&gt;" type="java.lang.AssertionError"><![CDATA[java.lang.AssertionError: Status expected:<200> but was:<400>
	at org.springframework.test.util.AssertionErrors.fail(AssertionErrors.java:59)
	at org.springframework.test.util.AssertionErrors.assertEquals(AssertionErrors.java:122)
	at org.springframework.test.web.servlet.result.StatusResultMatchers.lambda$matcher$9(StatusResultMatchers.java:637)
	at org.springframework.test.web.servlet.MockMvc$1.andExpect(MockMvc.java:214)
	at dev.vintrigue.gymmate.controller.UserControllerTest.testLoginUser_ProfileSetupRequired(UserControllerTest.java:148)
	at java.base/java.lang.reflect.Method.invoke(Method.java:580)
	at java.base/java.util.ArrayList.forEach(ArrayList.java:1596)
	at java.base/java.util.ArrayList.forEach(ArrayList.java:1596)
]]></failure>
    <system-out><![CDATA[2025-06-15T14:19:05.201Z  WARN 688 --- [backend] [           main] .w.s.m.s.DefaultHandlerExceptionResolver : Resolved [org.springframework.http.converter.HttpMessageNotReadableException: Required request body is missing: public org.springframework.http.ResponseEntity<?> dev.vintrigue.gymmate.controller.UserController.login(dev.vintrigue.gymmate.model.User)]

MockHttpServletRequest:
      HTTP Method = POST
      Request URI = /api/users/login
       Parameters = {username=[testuser], password=[password123]}
          Headers = []
             Body = null
    Session Attrs = {}

Handler:
             Type = dev.vintrigue.gymmate.controller.UserController
           Method = dev.vintrigue.gymmate.controller.UserController#login(User)

Async:
    Async started = false
     Async result = null

Resolved Exception:
             Type = org.springframework.http.converter.HttpMessageNotReadableException

ModelAndView:
        View name = null
             View = null
            Model = null

FlashMap:
       Attributes = null

MockHttpServletResponse:
           Status = 400
    Error message = null
          Headers = [Vary:"Origin", "Access-Control-Request-Method", "Access-Control-Request-Headers", X-Content-Type-Options:"nosniff", X-XSS-Protection:"0", Cache-Control:"no-cache, no-store, max-age=0, must-revalidate", Pragma:"no-cache", Expires:"0", X-Frame-Options:"DENY"]
     Content type = null
             Body = 
    Forwarded URL = null
   Redirected URL = null
          Cookies = []
]]></system-out>
  </testcase>
</testsuite>